2025-06-23T02:34:03.447+03:00  WARN 117936 --- [SpringEcom] [http-nio-8080-exec-10] .w.s.m.s.DefaultHandlerExceptionResolver : Resolved [org.springframework.web.HttpRequestMethodNotSupportedException: Request method 'GET' is not supported]
2025-06-23T02:34:13.100+03:00  WARN 117936 --- [SpringEcom] [http-nio-8080-exec-1] .w.s.m.s.DefaultHandlerExceptionResolver : Resolved [org.springframework.web.HttpRequestMethodNotSupportedException: Request method 'GET' is not supported]
2025-06-23T02:34:37.339+03:00  WARN 117936 --- [SpringEcom] [http-nio-8080-exec-2] .w.s.m.s.DefaultHandlerExceptionResolver : Resolved [org.springframework.web.HttpRequestMethodNotSupportedException: Request method 'PUT' is not supported]
2025-06-23T02:34:38.952+03:00  WARN 117936 --- [SpringEcom] [http-nio-8080-exec-3] .w.s.m.s.DefaultHandlerExceptionResolver : Resolved [org.springframework.web.HttpRequestMethodNotSupportedException: Request method 'PUT' is not supported]
2025-06-23T02:36:25.119+03:00  INFO 117936 --- [SpringEcom] [http-nio-8080-exec-6] o.e.springecom.aspect.LoggingAspect      : 🔹 Entering: User org.example.springecom.controller.UserController.register(User) with arguments: [User(id=0, username=testuser, email=test@example.com, password=password123, role=null)]
2025-06-23T02:36:25.164+03:00  INFO 117936 --- [SpringEcom] [http-nio-8080-exec-6] o.e.springecom.aspect.LoggingAspect      : 🔹 Entering: User org.example.springecom.service.UserService.saveUser(User) with arguments: [User(id=0, username=testuser, email=test@example.com, password=password123, role=null)]
2025-06-23T02:36:25.505+03:00  INFO 117936 --- [SpringEcom] [http-nio-8080-exec-6] o.e.springecom.aspect.LoggingAspect      : ✅ Completed: User org.example.springecom.service.UserService.saveUser(User) with result: User(id=1, username=testuser, email=test@example.com, password=$2a$10$X5NBgiUKvHXXM.9T89t54.fp7RTzRjjeqrgbVjHxi2x16EwgrguQG, role=ROLE_USER)
2025-06-23T02:36:25.505+03:00 DEBUG 117936 --- [SpringEcom] [http-nio-8080-exec-6] o.e.springecom.aspect.LoggingAspect      : 🕒 User org.example.springecom.service.UserService.saveUser(User) executed in 342 ms
2025-06-23T02:36:25.505+03:00  INFO 117936 --- [SpringEcom] [http-nio-8080-exec-6] o.e.springecom.aspect.LoggingAspect      : ✅ Completed: User org.example.springecom.controller.UserController.register(User) with result: User(id=1, username=testuser, email=test@example.com, password=$2a$10$X5NBgiUKvHXXM.9T89t54.fp7RTzRjjeqrgbVjHxi2x16EwgrguQG, role=ROLE_USER)
2025-06-23T02:36:25.505+03:00 DEBUG 117936 --- [SpringEcom] [http-nio-8080-exec-6] o.e.springecom.aspect.LoggingAspect      : 🕒 User org.example.springecom.controller.UserController.register(User) executed in 386 ms
2025-06-23T02:42:59.960+03:00  INFO 117936 --- [SpringEcom] [SpringApplicationShutdownHook] j.LocalContainerEntityManagerFactoryBean : Closing JPA EntityManagerFactory for persistence unit 'default'
2025-06-23T02:42:59.987+03:00  INFO 117936 --- [SpringEcom] [SpringApplicationShutdownHook] com.zaxxer.hikari.HikariDataSource       : HikariPool-1 - Shutdown initiated...
2025-06-23T02:42:59.991+03:00  INFO 117936 --- [SpringEcom] [SpringApplicationShutdownHook] com.zaxxer.hikari.HikariDataSource       : HikariPool-1 - Shutdown completed.
2025-06-23T02:43:10.524+03:00  INFO 134671 --- [SpringEcom] [main] o.e.springecom.SpringEcomApplication     : Starting SpringEcomApplication using Java 21.0.7 with PID 134671 (/home/ali/IdeaProjects/SpringEcom/target/classes started by ali in /home/ali/IdeaProjects/SpringEcom)
2025-06-23T02:43:10.525+03:00 DEBUG 134671 --- [SpringEcom] [main] o.e.springecom.SpringEcomApplication     : Running with Spring Boot v3.2.5, Spring v6.1.6
2025-06-23T02:43:10.526+03:00  INFO 134671 --- [SpringEcom] [main] o.e.springecom.SpringEcomApplication     : No active profile set, falling back to 1 default profile: "default"
2025-06-23T02:43:12.700+03:00  INFO 134671 --- [SpringEcom] [main] .s.d.r.c.RepositoryConfigurationDelegate : Bootstrapping Spring Data JPA repositories in DEFAULT mode.
2025-06-23T02:43:12.754+03:00  INFO 134671 --- [SpringEcom] [main] .s.d.r.c.RepositoryConfigurationDelegate : Finished Spring Data repository scanning in 46 ms. Found 2 JPA repository interfaces.
2025-06-23T02:43:14.720+03:00  INFO 134671 --- [SpringEcom] [main] o.s.b.w.embedded.tomcat.TomcatWebServer  : Tomcat initialized with port 8080 (http)
2025-06-23T02:43:14.734+03:00  INFO 134671 --- [SpringEcom] [main] o.apache.catalina.core.StandardService   : Starting service [Tomcat]
2025-06-23T02:43:14.734+03:00  INFO 134671 --- [SpringEcom] [main] o.apache.catalina.core.StandardEngine    : Starting Servlet engine: [Apache Tomcat/10.1.20]
2025-06-23T02:43:14.792+03:00  INFO 134671 --- [SpringEcom] [main] o.a.c.c.C.[Tomcat].[localhost].[/]       : Initializing Spring embedded WebApplicationContext
2025-06-23T02:43:14.793+03:00  INFO 134671 --- [SpringEcom] [main] w.s.c.ServletWebServerApplicationContext : Root WebApplicationContext: initialization completed in 4178 ms
2025-06-23T02:43:15.230+03:00  INFO 134671 --- [SpringEcom] [main] o.hibernate.jpa.internal.util.LogHelper  : HHH000204: Processing PersistenceUnitInfo [name: default]
2025-06-23T02:43:15.419+03:00  INFO 134671 --- [SpringEcom] [main] org.hibernate.Version                    : HHH000412: Hibernate ORM core version 6.4.4.Final
2025-06-23T02:43:15.507+03:00  INFO 134671 --- [SpringEcom] [main] o.h.c.internal.RegionFactoryInitiator    : HHH000026: Second-level cache disabled
2025-06-23T02:43:16.804+03:00  INFO 134671 --- [SpringEcom] [main] o.s.o.j.p.SpringPersistenceUnitInfo      : No LoadTimeWeaver setup: ignoring JPA class transformer
2025-06-23T02:43:16.981+03:00  INFO 134671 --- [SpringEcom] [main] com.zaxxer.hikari.HikariDataSource       : HikariPool-1 - Starting...
2025-06-23T02:43:17.991+03:00  INFO 134671 --- [SpringEcom] [main] com.zaxxer.hikari.pool.HikariPool        : HikariPool-1 - Added connection org.postgresql.jdbc.PgConnection@6736f40f
2025-06-23T02:43:17.992+03:00  INFO 134671 --- [SpringEcom] [main] com.zaxxer.hikari.HikariDataSource       : HikariPool-1 - Start completed.
2025-06-23T02:43:19.925+03:00  INFO 134671 --- [SpringEcom] [main] o.h.e.t.j.p.i.JtaPlatformInitiator       : HHH000489: No JTA platform available (set 'hibernate.transaction.jta.platform' to enable JTA platform integration)
2025-06-23T02:43:19.972+03:00  INFO 134671 --- [SpringEcom] [main] j.LocalContainerEntityManagerFactoryBean : Initialized JPA EntityManagerFactory for persistence unit 'default'
2025-06-23T02:43:21.277+03:00 DEBUG 134671 --- [SpringEcom] [main] o.example.springecom.config.JwtFilter    : Filter 'jwtFilter' configured for use
2025-06-23T02:43:21.380+03:00  INFO 134671 --- [SpringEcom] [main] o.s.d.j.r.query.QueryEnhancerFactory     : Hibernate is in classpath; If applicable, HQL parser will be used.
2025-06-23T02:43:22.213+03:00  WARN 134671 --- [SpringEcom] [main] JpaBaseConfiguration$JpaWebConfiguration : spring.jpa.open-in-view is enabled by default. Therefore, database queries may be performed during view rendering. Explicitly configure spring.jpa.open-in-view to disable this warning
2025-06-23T02:43:22.971+03:00  INFO 134671 --- [SpringEcom] [main] o.s.s.web.DefaultSecurityFilterChain     : Will secure any request with [org.springframework.security.web.session.DisableEncodeUrlFilter@4fdb338e, org.springframework.security.web.context.request.async.WebAsyncManagerIntegrationFilter@2de22e7, org.springframework.security.web.context.SecurityContextHolderFilter@5ae06c93, org.springframework.security.web.header.HeaderWriterFilter@3eff5c32, org.springframework.web.filter.CorsFilter@2c51ff83, org.springframework.security.web.authentication.logout.LogoutFilter@63916a3, org.example.springecom.config.JwtFilter@a74c940, org.springframework.security.web.savedrequest.RequestCacheAwareFilter@3ddec942, org.springframework.security.web.servletapi.SecurityContextHolderAwareRequestFilter@495c3d15, org.springframework.security.web.authentication.AnonymousAuthenticationFilter@196519dd, org.springframework.security.web.session.SessionManagementFilter@4eb5cdae, org.springframework.security.web.access.ExceptionTranslationFilter@7980eb2, org.springframework.security.web.access.intercept.AuthorizationFilter@158774d3]
2025-06-23T02:43:23.534+03:00  INFO 134671 --- [SpringEcom] [main] o.s.b.w.embedded.tomcat.TomcatWebServer  : Tomcat started on port 8080 (http) with context path ''
2025-06-23T02:43:23.544+03:00  INFO 134671 --- [SpringEcom] [main] o.e.springecom.SpringEcomApplication     : Started SpringEcomApplication in 14.021 seconds (process running for 17.815)
2025-06-23T02:43:23.634+03:00  INFO 134671 --- [SpringEcom] [http-nio-8080-exec-1] o.a.c.c.C.[Tomcat].[localhost].[/]       : Initializing Spring DispatcherServlet 'dispatcherServlet'
2025-06-23T02:43:23.634+03:00  INFO 134671 --- [SpringEcom] [http-nio-8080-exec-1] o.s.web.servlet.DispatcherServlet        : Initializing Servlet 'dispatcherServlet'
2025-06-23T02:43:23.635+03:00  INFO 134671 --- [SpringEcom] [http-nio-8080-exec-1] o.s.web.servlet.DispatcherServlet        : Completed initialization in 1 ms
2025-06-23T02:51:37.427+03:00  INFO 134671 --- [SpringEcom] [SpringApplicationShutdownHook] j.LocalContainerEntityManagerFactoryBean : Closing JPA EntityManagerFactory for persistence unit 'default'
2025-06-23T02:51:37.429+03:00  INFO 134671 --- [SpringEcom] [SpringApplicationShutdownHook] com.zaxxer.hikari.HikariDataSource       : HikariPool-1 - Shutdown initiated...
2025-06-23T02:51:37.433+03:00  INFO 134671 --- [SpringEcom] [SpringApplicationShutdownHook] com.zaxxer.hikari.HikariDataSource       : HikariPool-1 - Shutdown completed.
